[handleMsg]:  {
  key: {
    remoteJid: '59177150144@s.whatsapp.net',
    fromMe: false,
    id: '63F1293562135C419110E8E801FB06AB',
    participant: undefined
  },
  messageTimestamp: 1726090718,
  pushName: 'Ge',
  broadcast: false,
  message: Message {
    conversation: 'Hola',
    messageContextInfo: MessageContextInfo {
      deviceListMetadata: [DeviceListMetadata],
      deviceListMetadataVersion: 2
    }
  },
  body: 'Hola',
  from: '59177150144'
}
[QUEUE_SE_ENVIO]:  {
  ref: 'ans_8f5ba3cb-b360-442c-9892-86a8e8be39b2',
  keyword: 'key_6e7f1feb-5830-4cee-a39c-601d29b62512',
  answer: '🙌 Hola te habla tu asistente *VIRTUAL*',
  options: {
    media: null,
    buttons: [],
    capture: false,
    child: null,
    delay: 0,
    idle: null,
    ref: null,
    nested: [],
    keyword: {},
    callback: false
  },
  refSerialize: '75ff52a90519dbedeb1bc905b703a38b'
}
[handleMsg]:  {
  key: {
    remoteJid: '59177150144@s.whatsapp.net',
    fromMe: false,
    id: '40A41BD56AD2E3E7D8E6F150E56A7B60',
    participant: undefined
  },
  messageTimestamp: 1726090723,
  pushName: 'Ge',
  broadcast: false,
  message: Message {
    conversation: 'Qr',
    messageContextInfo: MessageContextInfo {
      deviceListMetadata: [DeviceListMetadata],
      deviceListMetadataVersion: 2
    }
  },
  body: 'Qr',
  from: '59177150144'
}
[handleMsg]:  {
  key: {
    remoteJid: '59177150144@s.whatsapp.net',
    fromMe: false,
    id: 'DB44A1F7985D6789CD1CB0BB3FDCD387',
    participant: undefined
  },
  messageTimestamp: 1726090735,
  pushName: 'Ge',
  broadcast: false,
  message: Message {
    conversation: 'Qr',
    messageContextInfo: MessageContextInfo {
      deviceListMetadata: [DeviceListMetadata],
      deviceListMetadataVersion: 2
    }
  },
  body: 'Qr',
  from: '59177150144'
}
[QUEUE_SE_ENVIO]:  {
  ref: 'ans_12f43a2d-de97-4339-993f-b0600a050d37',
  keyword: 'key_0bdb099c-cfef-4375-8a0d-a867e0da3d34',
  answer: 'Ahi le envio el *QR* ',
  options: {
    media: 'https://www.ibolivia.org/wp-content/uploads/2019/10/escudo-de-bolivia.jpg',
    buttons: [],
    capture: false,
    child: null,
    delay: 10,
    idle: null,
    ref: null,
    nested: [],
    keyword: {},
    callback: false
  },
  refSerialize: '1ab01b16502767e03942666ae3b06727'
}
[QUEUE_SE_ENVIO]:  {
  ref: 'ans_12f43a2d-de97-4339-993f-b0600a050d37',
  keyword: 'key_0bdb099c-cfef-4375-8a0d-a867e0da3d34',
  answer: 'Ahi le envio el *QR* ',
  options: {
    media: 'https://www.ibolivia.org/wp-content/uploads/2019/10/escudo-de-bolivia.jpg',
    buttons: [],
    capture: false,
    child: null,
    delay: 10,
    idle: null,
    ref: null,
    nested: [],
    keyword: {},
    callback: false
  },
  refSerialize: '1ab01b16502767e03942666ae3b06727'
}
